Java HotSpot(TM) 64-Bit Server VM warning: Cannot open file /tmp/mogutalk-gc.log due to No such file or directory

11:16:19,525 |-INFO in ch.qos.logback.classic.LoggerContext[default] - Could NOT find resource [logback.groovy]
11:16:19,525 |-INFO in ch.qos.logback.classic.LoggerContext[default] - Could NOT find resource [logback-test.xml]
11:16:19,525 |-INFO in ch.qos.logback.classic.LoggerContext[default] - Found resource [logback.xml] at [jar:file:/D:/TTServer-master/java/10400/mogutalk-business-0.0.1-SNAPSHOT.jar!/logback.xml]
11:16:19,539 |-INFO in ch.qos.logback.core.joran.spi.ConfigurationWatchList@277018cf - URL [jar:file:/D:/TTServer-master/java/10400/mogutalk-business-0.0.1-SNAPSHOT.jar!/logback.xml] is not of type file
11:16:19,587 |-INFO in ch.qos.logback.classic.joran.action.ConfigurationAction - debug attribute not set
11:16:19,607 |-INFO in ch.qos.logback.core.joran.action.AppenderAction - About to instantiate appender of type [ch.qos.logback.core.ConsoleAppender]
11:16:19,609 |-INFO in ch.qos.logback.core.joran.action.AppenderAction - Naming appender as [STDOUT]
11:16:19,627 |-INFO in ch.qos.logback.core.joran.action.NestedComplexPropertyIA - Assuming default type [ch.qos.logback.classic.encoder.PatternLayoutEncoder] for [encoder] property
11:16:19,674 |-INFO in ch.qos.logback.core.joran.action.AppenderAction - About to instantiate appender of type [ch.qos.logback.core.rolling.RollingFileAppender]
11:16:19,676 |-INFO in ch.qos.logback.core.joran.action.AppenderAction - Naming appender as [COMMON-INFO]
11:16:19,689 |-INFO in c.q.l.core.rolling.TimeBasedRollingPolicy - No compression will be used
11:16:19,690 |-INFO in c.q.l.core.rolling.TimeBasedRollingPolicy - Will use the pattern logs/%d{yyyyMMdd}/mogutalk.log for the active file
11:16:19,692 |-INFO in c.q.l.core.rolling.DefaultTimeBasedFileNamingAndTriggeringPolicy - The date pattern is 'yyyyMMdd' from file name pattern 'logs/%d{yyyyMMdd}/mogutalk.log'.
11:16:19,692 |-INFO in c.q.l.core.rolling.DefaultTimeBasedFileNamingAndTriggeringPolicy - Roll-over at midnight.
11:16:19,694 |-INFO in c.q.l.core.rolling.DefaultTimeBasedFileNamingAndTriggeringPolicy - Setting initial period to Wed Jul 19 11:16:19 CST 2017
11:16:19,695 |-INFO in ch.qos.logback.core.joran.action.NestedComplexPropertyIA - Assuming default type [ch.qos.logback.classic.encoder.PatternLayoutEncoder] for [encoder] property
11:16:19,696 |-INFO in ch.qos.logback.core.rolling.RollingFileAppender[COMMON-INFO] - Active log file name: logs/mogutalk.log
11:16:19,696 |-INFO in ch.qos.logback.core.rolling.RollingFileAppender[COMMON-INFO] - File property is set to [logs/mogutalk.log]
11:16:19,697 |-INFO in ch.qos.logback.core.joran.action.AppenderAction - About to instantiate appender of type [ch.qos.logback.core.rolling.RollingFileAppender]
11:16:19,697 |-INFO in ch.qos.logback.core.joran.action.AppenderAction - Naming appender as [COMMON-ERROR]
11:16:19,698 |-INFO in c.q.l.core.rolling.TimeBasedRollingPolicy - No compression will be used
11:16:19,699 |-INFO in c.q.l.core.rolling.TimeBasedRollingPolicy - Will use the pattern logs/%d{yyyyMMdd}/mogutalk-error.log for the active file
11:16:19,699 |-INFO in c.q.l.core.rolling.DefaultTimeBasedFileNamingAndTriggeringPolicy - The date pattern is 'yyyyMMdd' from file name pattern 'logs/%d{yyyyMMdd}/mogutalk-error.log'.
11:16:19,699 |-INFO in c.q.l.core.rolling.DefaultTimeBasedFileNamingAndTriggeringPolicy - Roll-over at midnight.
11:16:19,699 |-INFO in c.q.l.core.rolling.DefaultTimeBasedFileNamingAndTriggeringPolicy - Setting initial period to Wed Jul 19 11:16:19 CST 2017
11:16:19,699 |-INFO in ch.qos.logback.core.joran.action.NestedComplexPropertyIA - Assuming default type [ch.qos.logback.classic.encoder.PatternLayoutEncoder] for [encoder] property
11:16:19,700 |-INFO in ch.qos.logback.core.rolling.RollingFileAppender[COMMON-ERROR] - Active log file name: logs/mogutalk-error.log
11:16:19,700 |-INFO in ch.qos.logback.core.rolling.RollingFileAppender[COMMON-ERROR] - File property is set to [logs/mogutalk-error.log]
11:16:19,701 |-INFO in ch.qos.logback.core.joran.action.AppenderAction - About to instantiate appender of type [ch.qos.logback.core.rolling.RollingFileAppender]
11:16:19,701 |-INFO in ch.qos.logback.core.joran.action.AppenderAction - Naming appender as [NONE-FILTER]
11:16:19,702 |-INFO in c.q.l.core.rolling.TimeBasedRollingPolicy - No compression will be used
11:16:19,703 |-INFO in c.q.l.core.rolling.TimeBasedRollingPolicy - Will use the pattern logs/%d{yyyyMMdd}/mogutalk-nonefiltered.log for the active file
11:16:19,703 |-INFO in c.q.l.core.rolling.DefaultTimeBasedFileNamingAndTriggeringPolicy - The date pattern is 'yyyyMMdd' from file name pattern 'logs/%d{yyyyMMdd}/mogutalk-nonefiltered.log'.
11:16:19,703 |-INFO in c.q.l.core.rolling.DefaultTimeBasedFileNamingAndTriggeringPolicy - Roll-over at midnight.
11:16:19,703 |-INFO in c.q.l.core.rolling.DefaultTimeBasedFileNamingAndTriggeringPolicy - Setting initial period to Wed Jul 19 11:16:19 CST 2017
11:16:19,703 |-INFO in ch.qos.logback.core.joran.action.NestedComplexPropertyIA - Assuming default type [ch.qos.logback.classic.encoder.PatternLayoutEncoder] for [encoder] property
11:16:19,705 |-INFO in ch.qos.logback.core.rolling.RollingFileAppender[NONE-FILTER] - Active log file name: logs/mogutalk-nonefiltered.log
11:16:19,705 |-INFO in ch.qos.logback.core.rolling.RollingFileAppender[NONE-FILTER] - File property is set to [logs/mogutalk-nonefiltered.log]
11:16:19,706 |-INFO in ch.qos.logback.core.joran.action.AppenderAction - About to instantiate appender of type [ch.qos.logback.core.rolling.RollingFileAppender]
11:16:19,706 |-INFO in ch.qos.logback.core.joran.action.AppenderAction - Naming appender as [CONNECTION-KEEP-ALIVE]
11:16:19,707 |-INFO in c.q.l.core.rolling.TimeBasedRollingPolicy - No compression will be used
11:16:19,707 |-INFO in c.q.l.core.rolling.TimeBasedRollingPolicy - Will use the pattern logs/%d{yyyyMMdd}/mogutalk-connection.log for the active file
11:16:19,708 |-INFO in c.q.l.core.rolling.DefaultTimeBasedFileNamingAndTriggeringPolicy - The date pattern is 'yyyyMMdd' from file name pattern 'logs/%d{yyyyMMdd}/mogutalk-connection.log'.
11:16:19,708 |-INFO in c.q.l.core.rolling.DefaultTimeBasedFileNamingAndTriggeringPolicy - Roll-over at midnight.
11:16:19,708 |-INFO in c.q.l.core.rolling.DefaultTimeBasedFileNamingAndTriggeringPolicy - Setting initial period to Wed Jul 19 11:16:19 CST 2017
11:16:19,708 |-INFO in ch.qos.logback.core.joran.action.NestedComplexPropertyIA - Assuming default type [ch.qos.logback.classic.encoder.PatternLayoutEncoder] for [encoder] property
11:16:19,710 |-INFO in ch.qos.logback.core.rolling.RollingFileAppender[CONNECTION-KEEP-ALIVE] - Active log file name: logs/mogutalk-connection.log
11:16:19,710 |-INFO in ch.qos.logback.core.rolling.RollingFileAppender[CONNECTION-KEEP-ALIVE] - File property is set to [logs/mogutalk-connection.log]
11:16:19,711 |-INFO in ch.qos.logback.classic.joran.action.RootLoggerAction - Setting level of ROOT logger to DEBUG
11:16:19,711 |-ERROR in ch.qos.logback.core.joran.action.AppenderRefAction - Missing appender ref attribute in <appender-ref> tag.
11:16:19,711 |-INFO in ch.qos.logback.core.joran.action.AppenderRefAction - Attaching appender named [COMMON-INFO] to Logger[ROOT]
11:16:19,712 |-INFO in ch.qos.logback.core.joran.action.AppenderRefAction - Attaching appender named [COMMON-ERROR] to Logger[ROOT]
11:16:19,712 |-INFO in ch.qos.logback.core.joran.action.AppenderRefAction - Attaching appender named [CONNECTION-KEEP-ALIVE] to Logger[ROOT]
11:16:19,712 |-INFO in ch.qos.logback.core.joran.action.AppenderRefAction - Attaching appender named [NONE-FILTER] to Logger[ROOT]

