10:11:18.063 [INFO] [com.mogujie.ares.configure.Configure] - load /system.properties
10:11:18.072 [INFO] [com.mogujie.ares.configure.Configure] - d:\TTServer-master\java\10400/db-online.properties
10:11:18.073 [INFO] [com.mogujie.ares.configure.Configure] - d:\TTServer-master\java\10400/cache-online.properties
10:11:18.154 [INFO] [com.mogujie.ares.manager.DBManager] - jdbc: jdbc:mysql://192.168.2.76/macim ,jdbcUsername: im ,jdbcPassword: im123
10:11:39.511 [ERROR] [com.mogujie.ares.lib.storage.DBPool] - 
com.mysql.jdbc.exceptions.jdbc4.CommunicationsException: Communications link failure

The last packet sent successfully to the server was 0 milliseconds ago. The driver has not received any packets from the server.
	at sun.reflect.NativeConstructorAccessorImpl.newInstance0(Native Method) ~[na:1.7.0_79]
	at sun.reflect.NativeConstructorAccessorImpl.newInstance(NativeConstructorAccessorImpl.java:57) ~[na:1.7.0_79]
	at sun.reflect.DelegatingConstructorAccessorImpl.newInstance(DelegatingConstructorAccessorImpl.java:45) ~[na:1.7.0_79]
	at java.lang.reflect.Constructor.newInstance(Constructor.java:526) ~[na:1.7.0_79]
	at com.mysql.jdbc.Util.handleNewInstance(Util.java:411) ~[mogutalk-business-0.0.1-SNAPSHOT.jar:na]
	at com.mysql.jdbc.SQLError.createCommunicationsException(SQLError.java:1121) ~[mogutalk-business-0.0.1-SNAPSHOT.jar:na]
	at com.mysql.jdbc.MysqlIO.<init>(MysqlIO.java:357) ~[mogutalk-business-0.0.1-SNAPSHOT.jar:na]
	at com.mysql.jdbc.ConnectionImpl.coreConnect(ConnectionImpl.java:2479) ~[mogutalk-business-0.0.1-SNAPSHOT.jar:na]
	at com.mysql.jdbc.ConnectionImpl.connectOneTryOnly(ConnectionImpl.java:2516) ~[mogutalk-business-0.0.1-SNAPSHOT.jar:na]
	at com.mysql.jdbc.ConnectionImpl.createNewIO(ConnectionImpl.java:2301) ~[mogutalk-business-0.0.1-SNAPSHOT.jar:na]
	at com.mysql.jdbc.ConnectionImpl.<init>(ConnectionImpl.java:834) ~[mogutalk-business-0.0.1-SNAPSHOT.jar:na]
	at com.mysql.jdbc.JDBC4Connection.<init>(JDBC4Connection.java:47) ~[mogutalk-business-0.0.1-SNAPSHOT.jar:na]
	at sun.reflect.NativeConstructorAccessorImpl.newInstance0(Native Method) ~[na:1.7.0_79]
	at sun.reflect.NativeConstructorAccessorImpl.newInstance(NativeConstructorAccessorImpl.java:57) ~[na:1.7.0_79]
	at sun.reflect.DelegatingConstructorAccessorImpl.newInstance(DelegatingConstructorAccessorImpl.java:45) ~[na:1.7.0_79]
	at java.lang.reflect.Constructor.newInstance(Constructor.java:526) ~[na:1.7.0_79]
	at com.mysql.jdbc.Util.handleNewInstance(Util.java:411) ~[mogutalk-business-0.0.1-SNAPSHOT.jar:na]
	at com.mysql.jdbc.ConnectionImpl.getInstance(ConnectionImpl.java:416) ~[mogutalk-business-0.0.1-SNAPSHOT.jar:na]
	at com.mysql.jdbc.NonRegisteringDriver.connect(NonRegisteringDriver.java:346) ~[mogutalk-business-0.0.1-SNAPSHOT.jar:na]
	at com.alibaba.druid.filter.FilterChainImpl.connection_connect(FilterChainImpl.java:142) ~[mogutalk-business-0.0.1-SNAPSHOT.jar:na]
	at com.alibaba.druid.filter.stat.StatFilter.connection_connect(StatFilter.java:211) ~[mogutalk-business-0.0.1-SNAPSHOT.jar:na]
	at com.alibaba.druid.filter.FilterChainImpl.connection_connect(FilterChainImpl.java:136) ~[mogutalk-business-0.0.1-SNAPSHOT.jar:na]
	at com.alibaba.druid.pool.DruidAbstractDataSource.createPhysicalConnection(DruidAbstractDataSource.java:1271) ~[mogutalk-business-0.0.1-SNAPSHOT.jar:na]
	at com.alibaba.druid.pool.DruidAbstractDataSource.createPhysicalConnection(DruidAbstractDataSource.java:1325) ~[mogutalk-business-0.0.1-SNAPSHOT.jar:na]
	at com.alibaba.druid.pool.DruidDataSource.init(DruidDataSource.java:414) ~[mogutalk-business-0.0.1-SNAPSHOT.jar:na]
	at com.mogujie.ares.lib.storage.DBPool.launchDBPool(DBPool.java:96) ~[mogutalk-business-0.0.1-SNAPSHOT.jar:na]
	at com.mogujie.ares.manager.DBManager.launch(DBManager.java:80) [mogutalk-business-0.0.1-SNAPSHOT.jar:na]
	at com.mogujie.ares.manager.DBManager.<init>(DBManager.java:51) [mogutalk-business-0.0.1-SNAPSHOT.jar:na]
	at com.mogujie.ares.manager.DBManager.getInstance(DBManager.java:41) [mogutalk-business-0.0.1-SNAPSHOT.jar:na]
	at com.mogujie.ares.manager.DBManager.<clinit>(DBManager.java:36) [mogutalk-business-0.0.1-SNAPSHOT.jar:na]
	at com.mogujie.ares.MainServer.initBase(MainServer.java:61) [mogutalk-business-0.0.1-SNAPSHOT.jar:na]
	at com.mogujie.ares.MainServer.bootup(MainServer.java:31) [mogutalk-business-0.0.1-SNAPSHOT.jar:na]
	at com.mogujie.ares.MainServer.main(MainServer.java:99) [mogutalk-business-0.0.1-SNAPSHOT.jar:na]
Caused by: java.net.ConnectException: Connection timed out: connect
	at java.net.DualStackPlainSocketImpl.connect0(Native Method) ~[na:1.7.0_79]
	at java.net.DualStackPlainSocketImpl.socketConnect(DualStackPlainSocketImpl.java:79) ~[na:1.7.0_79]
	at java.net.AbstractPlainSocketImpl.doConnect(AbstractPlainSocketImpl.java:339) ~[na:1.7.0_79]
	at java.net.AbstractPlainSocketImpl.connectToAddress(AbstractPlainSocketImpl.java:200) ~[na:1.7.0_79]
	at java.net.AbstractPlainSocketImpl.connect(AbstractPlainSocketImpl.java:182) ~[na:1.7.0_79]
	at java.net.PlainSocketImpl.connect(PlainSocketImpl.java:172) ~[na:1.7.0_79]
	at java.net.SocksSocketImpl.connect(SocksSocketImpl.java:392) ~[na:1.7.0_79]
	at java.net.Socket.connect(Socket.java:579) ~[na:1.7.0_79]
	at java.net.Socket.connect(Socket.java:528) ~[na:1.7.0_79]
	at java.net.Socket.<init>(Socket.java:425) ~[na:1.7.0_79]
	at java.net.Socket.<init>(Socket.java:241) ~[na:1.7.0_79]
	at com.mysql.jdbc.StandardSocketFactory.connect(StandardSocketFactory.java:259) ~[mogutalk-business-0.0.1-SNAPSHOT.jar:na]
	at com.mysql.jdbc.MysqlIO.<init>(MysqlIO.java:307) ~[mogutalk-business-0.0.1-SNAPSHOT.jar:na]
	... 26 common frames omitted
10:11:39.513 [ERROR] [com.mogujie.ares.manager.DBManager] - 
com.mysql.jdbc.exceptions.jdbc4.CommunicationsException: Communications link failure

The last packet sent successfully to the server was 0 milliseconds ago. The driver has not received any packets from the server.
	at sun.reflect.NativeConstructorAccessorImpl.newInstance0(Native Method) ~[na:1.7.0_79]
	at sun.reflect.NativeConstructorAccessorImpl.newInstance(NativeConstructorAccessorImpl.java:57) ~[na:1.7.0_79]
	at sun.reflect.DelegatingConstructorAccessorImpl.newInstance(DelegatingConstructorAccessorImpl.java:45) ~[na:1.7.0_79]
	at java.lang.reflect.Constructor.newInstance(Constructor.java:526) ~[na:1.7.0_79]
	at com.mysql.jdbc.Util.handleNewInstance(Util.java:411) ~[mogutalk-business-0.0.1-SNAPSHOT.jar:na]
	at com.mysql.jdbc.SQLError.createCommunicationsException(SQLError.java:1121) ~[mogutalk-business-0.0.1-SNAPSHOT.jar:na]
	at com.mysql.jdbc.MysqlIO.<init>(MysqlIO.java:357) ~[mogutalk-business-0.0.1-SNAPSHOT.jar:na]
	at com.mysql.jdbc.ConnectionImpl.coreConnect(ConnectionImpl.java:2479) ~[mogutalk-business-0.0.1-SNAPSHOT.jar:na]
	at com.mysql.jdbc.ConnectionImpl.connectOneTryOnly(ConnectionImpl.java:2516) ~[mogutalk-business-0.0.1-SNAPSHOT.jar:na]
	at com.mysql.jdbc.ConnectionImpl.createNewIO(ConnectionImpl.java:2301) ~[mogutalk-business-0.0.1-SNAPSHOT.jar:na]
	at com.mysql.jdbc.ConnectionImpl.<init>(ConnectionImpl.java:834) ~[mogutalk-business-0.0.1-SNAPSHOT.jar:na]
	at com.mysql.jdbc.JDBC4Connection.<init>(JDBC4Connection.java:47) ~[mogutalk-business-0.0.1-SNAPSHOT.jar:na]
	at sun.reflect.NativeConstructorAccessorImpl.newInstance0(Native Method) ~[na:1.7.0_79]
	at sun.reflect.NativeConstructorAccessorImpl.newInstance(NativeConstructorAccessorImpl.java:57) ~[na:1.7.0_79]
	at sun.reflect.DelegatingConstructorAccessorImpl.newInstance(DelegatingConstructorAccessorImpl.java:45) ~[na:1.7.0_79]
	at java.lang.reflect.Constructor.newInstance(Constructor.java:526) ~[na:1.7.0_79]
	at com.mysql.jdbc.Util.handleNewInstance(Util.java:411) ~[mogutalk-business-0.0.1-SNAPSHOT.jar:na]
	at com.mysql.jdbc.ConnectionImpl.getInstance(ConnectionImpl.java:416) ~[mogutalk-business-0.0.1-SNAPSHOT.jar:na]
	at com.mysql.jdbc.NonRegisteringDriver.connect(NonRegisteringDriver.java:346) ~[mogutalk-business-0.0.1-SNAPSHOT.jar:na]
	at com.alibaba.druid.filter.FilterChainImpl.connection_connect(FilterChainImpl.java:142) ~[mogutalk-business-0.0.1-SNAPSHOT.jar:na]
	at com.alibaba.druid.filter.stat.StatFilter.connection_connect(StatFilter.java:211) ~[mogutalk-business-0.0.1-SNAPSHOT.jar:na]
	at com.alibaba.druid.filter.FilterChainImpl.connection_connect(FilterChainImpl.java:136) ~[mogutalk-business-0.0.1-SNAPSHOT.jar:na]
	at com.alibaba.druid.pool.DruidAbstractDataSource.createPhysicalConnection(DruidAbstractDataSource.java:1271) ~[mogutalk-business-0.0.1-SNAPSHOT.jar:na]
	at com.alibaba.druid.pool.DruidAbstractDataSource.createPhysicalConnection(DruidAbstractDataSource.java:1325) ~[mogutalk-business-0.0.1-SNAPSHOT.jar:na]
	at com.alibaba.druid.pool.DruidDataSource.init(DruidDataSource.java:414) ~[mogutalk-business-0.0.1-SNAPSHOT.jar:na]
	at com.mogujie.ares.lib.storage.DBPool.launchDBPool(DBPool.java:96) ~[mogutalk-business-0.0.1-SNAPSHOT.jar:na]
	at com.mogujie.ares.manager.DBManager.launch(DBManager.java:80) [mogutalk-business-0.0.1-SNAPSHOT.jar:na]
	at com.mogujie.ares.manager.DBManager.<init>(DBManager.java:51) [mogutalk-business-0.0.1-SNAPSHOT.jar:na]
	at com.mogujie.ares.manager.DBManager.getInstance(DBManager.java:41) [mogutalk-business-0.0.1-SNAPSHOT.jar:na]
	at com.mogujie.ares.manager.DBManager.<clinit>(DBManager.java:36) [mogutalk-business-0.0.1-SNAPSHOT.jar:na]
	at com.mogujie.ares.MainServer.initBase(MainServer.java:61) [mogutalk-business-0.0.1-SNAPSHOT.jar:na]
	at com.mogujie.ares.MainServer.bootup(MainServer.java:31) [mogutalk-business-0.0.1-SNAPSHOT.jar:na]
	at com.mogujie.ares.MainServer.main(MainServer.java:99) [mogutalk-business-0.0.1-SNAPSHOT.jar:na]
Caused by: java.net.ConnectException: Connection timed out: connect
	at java.net.DualStackPlainSocketImpl.connect0(Native Method) ~[na:1.7.0_79]
	at java.net.DualStackPlainSocketImpl.socketConnect(DualStackPlainSocketImpl.java:79) ~[na:1.7.0_79]
	at java.net.AbstractPlainSocketImpl.doConnect(AbstractPlainSocketImpl.java:339) ~[na:1.7.0_79]
	at java.net.AbstractPlainSocketImpl.connectToAddress(AbstractPlainSocketImpl.java:200) ~[na:1.7.0_79]
	at java.net.AbstractPlainSocketImpl.connect(AbstractPlainSocketImpl.java:182) ~[na:1.7.0_79]
	at java.net.PlainSocketImpl.connect(PlainSocketImpl.java:172) ~[na:1.7.0_79]
	at java.net.SocksSocketImpl.connect(SocksSocketImpl.java:392) ~[na:1.7.0_79]
	at java.net.Socket.connect(Socket.java:579) ~[na:1.7.0_79]
	at java.net.Socket.connect(Socket.java:528) ~[na:1.7.0_79]
	at java.net.Socket.<init>(Socket.java:425) ~[na:1.7.0_79]
	at java.net.Socket.<init>(Socket.java:241) ~[na:1.7.0_79]
	at com.mysql.jdbc.StandardSocketFactory.connect(StandardSocketFactory.java:259) ~[mogutalk-business-0.0.1-SNAPSHOT.jar:na]
	at com.mysql.jdbc.MysqlIO.<init>(MysqlIO.java:307) ~[mogutalk-business-0.0.1-SNAPSHOT.jar:na]
	... 26 common frames omitted
10:11:39.514 [INFO] [com.mogujie.ares.manager.DBManager] - jdbc: jdbc:mysql://192.168.2.76/macim ,jdbcUsername: im ,jdbcPassword: im123
10:12:00.602 [ERROR] [com.mogujie.ares.lib.storage.DBPool] - 
com.mysql.jdbc.exceptions.jdbc4.CommunicationsException: Communications link failure

The last packet sent successfully to the server was 0 milliseconds ago. The driver has not received any packets from the server.
	at sun.reflect.NativeConstructorAccessorImpl.newInstance0(Native Method) ~[na:1.7.0_79]
	at sun.reflect.NativeConstructorAccessorImpl.newInstance(NativeConstructorAccessorImpl.java:57) ~[na:1.7.0_79]
	at sun.reflect.DelegatingConstructorAccessorImpl.newInstance(DelegatingConstructorAccessorImpl.java:45) ~[na:1.7.0_79]
	at java.lang.reflect.Constructor.newInstance(Constructor.java:526) ~[na:1.7.0_79]
	at com.mysql.jdbc.Util.handleNewInstance(Util.java:411) ~[mogutalk-business-0.0.1-SNAPSHOT.jar:na]
	at com.mysql.jdbc.SQLError.createCommunicationsException(SQLError.java:1121) ~[mogutalk-business-0.0.1-SNAPSHOT.jar:na]
	at com.mysql.jdbc.MysqlIO.<init>(MysqlIO.java:357) ~[mogutalk-business-0.0.1-SNAPSHOT.jar:na]
	at com.mysql.jdbc.ConnectionImpl.coreConnect(ConnectionImpl.java:2479) ~[mogutalk-business-0.0.1-SNAPSHOT.jar:na]
	at com.mysql.jdbc.ConnectionImpl.connectOneTryOnly(ConnectionImpl.java:2516) ~[mogutalk-business-0.0.1-SNAPSHOT.jar:na]
	at com.mysql.jdbc.ConnectionImpl.createNewIO(ConnectionImpl.java:2301) ~[mogutalk-business-0.0.1-SNAPSHOT.jar:na]
	at com.mysql.jdbc.ConnectionImpl.<init>(ConnectionImpl.java:834) ~[mogutalk-business-0.0.1-SNAPSHOT.jar:na]
	at com.mysql.jdbc.JDBC4Connection.<init>(JDBC4Connection.java:47) ~[mogutalk-business-0.0.1-SNAPSHOT.jar:na]
	at sun.reflect.NativeConstructorAccessorImpl.newInstance0(Native Method) ~[na:1.7.0_79]
	at sun.reflect.NativeConstructorAccessorImpl.newInstance(NativeConstructorAccessorImpl.java:57) ~[na:1.7.0_79]
	at sun.reflect.DelegatingConstructorAccessorImpl.newInstance(DelegatingConstructorAccessorImpl.java:45) ~[na:1.7.0_79]
	at java.lang.reflect.Constructor.newInstance(Constructor.java:526) ~[na:1.7.0_79]
	at com.mysql.jdbc.Util.handleNewInstance(Util.java:411) ~[mogutalk-business-0.0.1-SNAPSHOT.jar:na]
	at com.mysql.jdbc.ConnectionImpl.getInstance(ConnectionImpl.java:416) ~[mogutalk-business-0.0.1-SNAPSHOT.jar:na]
	at com.mysql.jdbc.NonRegisteringDriver.connect(NonRegisteringDriver.java:346) ~[mogutalk-business-0.0.1-SNAPSHOT.jar:na]
	at com.alibaba.druid.filter.FilterChainImpl.connection_connect(FilterChainImpl.java:142) ~[mogutalk-business-0.0.1-SNAPSHOT.jar:na]
	at com.alibaba.druid.filter.stat.StatFilter.connection_connect(StatFilter.java:211) ~[mogutalk-business-0.0.1-SNAPSHOT.jar:na]
	at com.alibaba.druid.filter.FilterChainImpl.connection_connect(FilterChainImpl.java:136) ~[mogutalk-business-0.0.1-SNAPSHOT.jar:na]
	at com.alibaba.druid.pool.DruidAbstractDataSource.createPhysicalConnection(DruidAbstractDataSource.java:1271) ~[mogutalk-business-0.0.1-SNAPSHOT.jar:na]
	at com.alibaba.druid.pool.DruidAbstractDataSource.createPhysicalConnection(DruidAbstractDataSource.java:1325) ~[mogutalk-business-0.0.1-SNAPSHOT.jar:na]
	at com.alibaba.druid.pool.DruidDataSource.init(DruidDataSource.java:414) ~[mogutalk-business-0.0.1-SNAPSHOT.jar:na]
	at com.mogujie.ares.lib.storage.DBPool.launchDBPool(DBPool.java:96) ~[mogutalk-business-0.0.1-SNAPSHOT.jar:na]
	at com.mogujie.ares.manager.DBManager.launch(DBManager.java:80) [mogutalk-business-0.0.1-SNAPSHOT.jar:na]
	at com.mogujie.ares.manager.DBManager.<init>(DBManager.java:51) [mogutalk-business-0.0.1-SNAPSHOT.jar:na]
	at com.mogujie.ares.manager.DBManager.getInstance(DBManager.java:41) [mogutalk-business-0.0.1-SNAPSHOT.jar:na]
	at com.mogujie.ares.MainServer.initBase(MainServer.java:61) [mogutalk-business-0.0.1-SNAPSHOT.jar:na]
	at com.mogujie.ares.MainServer.bootup(MainServer.java:31) [mogutalk-business-0.0.1-SNAPSHOT.jar:na]
	at com.mogujie.ares.MainServer.main(MainServer.java:99) [mogutalk-business-0.0.1-SNAPSHOT.jar:na]
Caused by: java.net.ConnectException: Connection timed out: connect
	at java.net.DualStackPlainSocketImpl.connect0(Native Method) ~[na:1.7.0_79]
	at java.net.DualStackPlainSocketImpl.socketConnect(DualStackPlainSocketImpl.java:79) ~[na:1.7.0_79]
	at java.net.AbstractPlainSocketImpl.doConnect(AbstractPlainSocketImpl.java:339) ~[na:1.7.0_79]
	at java.net.AbstractPlainSocketImpl.connectToAddress(AbstractPlainSocketImpl.java:200) ~[na:1.7.0_79]
	at java.net.AbstractPlainSocketImpl.connect(AbstractPlainSocketImpl.java:182) ~[na:1.7.0_79]
	at java.net.PlainSocketImpl.connect(PlainSocketImpl.java:172) ~[na:1.7.0_79]
	at java.net.SocksSocketImpl.connect(SocksSocketImpl.java:392) ~[na:1.7.0_79]
	at java.net.Socket.connect(Socket.java:579) ~[na:1.7.0_79]
	at java.net.Socket.connect(Socket.java:528) ~[na:1.7.0_79]
	at java.net.Socket.<init>(Socket.java:425) ~[na:1.7.0_79]
	at java.net.Socket.<init>(Socket.java:241) ~[na:1.7.0_79]
	at com.mysql.jdbc.StandardSocketFactory.connect(StandardSocketFactory.java:259) ~[mogutalk-business-0.0.1-SNAPSHOT.jar:na]
	at com.mysql.jdbc.MysqlIO.<init>(MysqlIO.java:307) ~[mogutalk-business-0.0.1-SNAPSHOT.jar:na]
	... 25 common frames omitted
10:12:00.605 [ERROR] [com.mogujie.ares.manager.DBManager] - 
com.mysql.jdbc.exceptions.jdbc4.CommunicationsException: Communications link failure

The last packet sent successfully to the server was 0 milliseconds ago. The driver has not received any packets from the server.
	at sun.reflect.NativeConstructorAccessorImpl.newInstance0(Native Method) ~[na:1.7.0_79]
	at sun.reflect.NativeConstructorAccessorImpl.newInstance(NativeConstructorAccessorImpl.java:57) ~[na:1.7.0_79]
	at sun.reflect.DelegatingConstructorAccessorImpl.newInstance(DelegatingConstructorAccessorImpl.java:45) ~[na:1.7.0_79]
	at java.lang.reflect.Constructor.newInstance(Constructor.java:526) ~[na:1.7.0_79]
	at com.mysql.jdbc.Util.handleNewInstance(Util.java:411) ~[mogutalk-business-0.0.1-SNAPSHOT.jar:na]
	at com.mysql.jdbc.SQLError.createCommunicationsException(SQLError.java:1121) ~[mogutalk-business-0.0.1-SNAPSHOT.jar:na]
	at com.mysql.jdbc.MysqlIO.<init>(MysqlIO.java:357) ~[mogutalk-business-0.0.1-SNAPSHOT.jar:na]
	at com.mysql.jdbc.ConnectionImpl.coreConnect(ConnectionImpl.java:2479) ~[mogutalk-business-0.0.1-SNAPSHOT.jar:na]
	at com.mysql.jdbc.ConnectionImpl.connectOneTryOnly(ConnectionImpl.java:2516) ~[mogutalk-business-0.0.1-SNAPSHOT.jar:na]
	at com.mysql.jdbc.ConnectionImpl.createNewIO(ConnectionImpl.java:2301) ~[mogutalk-business-0.0.1-SNAPSHOT.jar:na]
	at com.mysql.jdbc.ConnectionImpl.<init>(ConnectionImpl.java:834) ~[mogutalk-business-0.0.1-SNAPSHOT.jar:na]
	at com.mysql.jdbc.JDBC4Connection.<init>(JDBC4Connection.java:47) ~[mogutalk-business-0.0.1-SNAPSHOT.jar:na]
	at sun.reflect.NativeConstructorAccessorImpl.newInstance0(Native Method) ~[na:1.7.0_79]
	at sun.reflect.NativeConstructorAccessorImpl.newInstance(NativeConstructorAccessorImpl.java:57) ~[na:1.7.0_79]
	at sun.reflect.DelegatingConstructorAccessorImpl.newInstance(DelegatingConstructorAccessorImpl.java:45) ~[na:1.7.0_79]
	at java.lang.reflect.Constructor.newInstance(Constructor.java:526) ~[na:1.7.0_79]
	at com.mysql.jdbc.Util.handleNewInstance(Util.java:411) ~[mogutalk-business-0.0.1-SNAPSHOT.jar:na]
	at com.mysql.jdbc.ConnectionImpl.getInstance(ConnectionImpl.java:416) ~[mogutalk-business-0.0.1-SNAPSHOT.jar:na]
	at com.mysql.jdbc.NonRegisteringDriver.connect(NonRegisteringDriver.java:346) ~[mogutalk-business-0.0.1-SNAPSHOT.jar:na]
	at com.alibaba.druid.filter.FilterChainImpl.connection_connect(FilterChainImpl.java:142) ~[mogutalk-business-0.0.1-SNAPSHOT.jar:na]
	at com.alibaba.druid.filter.stat.StatFilter.connection_connect(StatFilter.java:211) ~[mogutalk-business-0.0.1-SNAPSHOT.jar:na]
	at com.alibaba.druid.filter.FilterChainImpl.connection_connect(FilterChainImpl.java:136) ~[mogutalk-business-0.0.1-SNAPSHOT.jar:na]
	at com.alibaba.druid.pool.DruidAbstractDataSource.createPhysicalConnection(DruidAbstractDataSource.java:1271) ~[mogutalk-business-0.0.1-SNAPSHOT.jar:na]
	at com.alibaba.druid.pool.DruidAbstractDataSource.createPhysicalConnection(DruidAbstractDataSource.java:1325) ~[mogutalk-business-0.0.1-SNAPSHOT.jar:na]
	at com.alibaba.druid.pool.DruidDataSource.init(DruidDataSource.java:414) ~[mogutalk-business-0.0.1-SNAPSHOT.jar:na]
	at com.mogujie.ares.lib.storage.DBPool.launchDBPool(DBPool.java:96) ~[mogutalk-business-0.0.1-SNAPSHOT.jar:na]
	at com.mogujie.ares.manager.DBManager.launch(DBManager.java:80) ~[mogutalk-business-0.0.1-SNAPSHOT.jar:na]
	at com.mogujie.ares.manager.DBManager.<init>(DBManager.java:51) ~[mogutalk-business-0.0.1-SNAPSHOT.jar:na]
	at com.mogujie.ares.manager.DBManager.getInstance(DBManager.java:41) ~[mogutalk-business-0.0.1-SNAPSHOT.jar:na]
	at com.mogujie.ares.MainServer.initBase(MainServer.java:61) [mogutalk-business-0.0.1-SNAPSHOT.jar:na]
	at com.mogujie.ares.MainServer.bootup(MainServer.java:31) [mogutalk-business-0.0.1-SNAPSHOT.jar:na]
	at com.mogujie.ares.MainServer.main(MainServer.java:99) [mogutalk-business-0.0.1-SNAPSHOT.jar:na]
Caused by: java.net.ConnectException: Connection timed out: connect
	at java.net.DualStackPlainSocketImpl.connect0(Native Method) ~[na:1.7.0_79]
	at java.net.DualStackPlainSocketImpl.socketConnect(DualStackPlainSocketImpl.java:79) ~[na:1.7.0_79]
	at java.net.AbstractPlainSocketImpl.doConnect(AbstractPlainSocketImpl.java:339) ~[na:1.7.0_79]
	at java.net.AbstractPlainSocketImpl.connectToAddress(AbstractPlainSocketImpl.java:200) ~[na:1.7.0_79]
	at java.net.AbstractPlainSocketImpl.connect(AbstractPlainSocketImpl.java:182) ~[na:1.7.0_79]
	at java.net.PlainSocketImpl.connect(PlainSocketImpl.java:172) ~[na:1.7.0_79]
	at java.net.SocksSocketImpl.connect(SocksSocketImpl.java:392) ~[na:1.7.0_79]
	at java.net.Socket.connect(Socket.java:579) ~[na:1.7.0_79]
	at java.net.Socket.connect(Socket.java:528) ~[na:1.7.0_79]
	at java.net.Socket.<init>(Socket.java:425) ~[na:1.7.0_79]
	at java.net.Socket.<init>(Socket.java:241) ~[na:1.7.0_79]
	at com.mysql.jdbc.StandardSocketFactory.connect(StandardSocketFactory.java:259) ~[mogutalk-business-0.0.1-SNAPSHOT.jar:na]
	at com.mysql.jdbc.MysqlIO.<init>(MysqlIO.java:307) ~[mogutalk-business-0.0.1-SNAPSHOT.jar:na]
	... 25 common frames omitted
10:12:00.634 [ERROR] [com.mogujie.ares.MainServer] - 
java.lang.Exception: 初始化db和cache连接池出错!
	at com.mogujie.ares.MainServer.initBase(MainServer.java:64) [mogutalk-business-0.0.1-SNAPSHOT.jar:na]
	at com.mogujie.ares.MainServer.bootup(MainServer.java:31) [mogutalk-business-0.0.1-SNAPSHOT.jar:na]
	at com.mogujie.ares.MainServer.main(MainServer.java:99) [mogutalk-business-0.0.1-SNAPSHOT.jar:na]
